Using pre-set license
Built from '2021.1/staging' branch; Version is '2021.1.3f1 (4bef613afd59) revision 4976481'; Using compiler version '192528614'; Build Type 'Release'
OS: 'Windows 10 Pro; OS build 19043.928; Version 2009; 64bit' Language: 'en' Physical Memory: 16101 MB
BatchMode: 1, IsHumanControllingUs: 0, StartBugReporterOnCrash: 0, Is64bit: 1, IsPro: 0

 COMMAND LINE ARGUMENTS:
C:\Program Files\Unity 2021.1.3f1\Editor\Unity.exe
-adb2
-batchMode
-noUpm
-name
AssetImportWorker0
-projectPath
C:/Users/Virtual Reality/Documents/GitHub/3D-Docking/3D Docking Unity Project
-logFile
Logs/AssetImportWorker0.log
-srvPort
49624
Successfully changed project path to: C:/Users/Virtual Reality/Documents/GitHub/3D-Docking/3D Docking Unity Project
C:/Users/Virtual Reality/Documents/GitHub/3D-Docking/3D Docking Unity Project
Using Asset Import Pipeline V2.
Refreshing native plugins compatible for Editor in 53.29 ms, found 6 plugins.
Preloading 0 native plugins for Editor in 0.00 ms.
Initialize engine version: 2021.1.3f1 (4bef613afd59)
[Subsystems] Discovering subsystems at path C:/Program Files/Unity 2021.1.3f1/Editor/Data/Resources/UnitySubsystems
[Subsystems] Discovering subsystems at path C:/Users/Virtual Reality/Documents/GitHub/3D-Docking/3D Docking Unity Project/Assets
GfxDevice: creating device client; threaded=0; jobified=0
Direct3D:
    Version:  Direct3D 11.0 [level 11.1]
    Renderer: NVIDIA GeForce RTX 2070 SUPER (ID=0x1e84)
    Vendor:   NVIDIA
    VRAM:     8011 MB
    Driver:   27.21.14.5671
Initialize mono
Mono path[0] = 'C:/Program Files/Unity 2021.1.3f1/Editor/Data/Managed'
Mono path[1] = 'C:/Program Files/Unity 2021.1.3f1/Editor/Data/MonoBleedingEdge/lib/mono/unityjit'
Mono config path = 'C:/Program Files/Unity 2021.1.3f1/Editor/Data/MonoBleedingEdge/etc'
Using monoOptions --debugger-agent=transport=dt_socket,embedding=1,server=y,suspend=n,address=127.0.0.1:56044
Begin MonoManager ReloadAssembly
Registering precompiled unity dll's ...
Register platform support module: C:/Program Files/Unity 2021.1.3f1/Editor/Data/PlaybackEngines/WindowsStandaloneSupport/UnityEditor.WindowsStandalone.Extensions.dll
Registered in 0.001809 seconds.
Native extension for WindowsStandalone target not found
Refreshing native plugins compatible for Editor in 42.64 ms, found 6 plugins.
Preloading 0 native plugins for Editor in 0.00 ms.
Mono: successfully reloaded assembly
- Completed reload, in  1.130 seconds
Platform modules already initialized, skipping
Registering precompiled user dll's ...
Registered in 0.003245 seconds.
Begin MonoManager ReloadAssembly
Native extension for WindowsStandalone target not found
Refreshing native plugins compatible for Editor in 0.66 ms, found 6 plugins.
Preloading 0 native plugins for Editor in 0.00 ms.
Mono: successfully reloaded assembly
- Completed reload, in  0.977 seconds
Platform modules already initialized, skipping
========================================================================
Worker process is ready to serve import requests
Launched and connected shader compiler UnityShaderCompiler.exe after 0.04 seconds
Refreshing native plugins compatible for Editor in 0.99 ms, found 6 plugins.
Preloading 0 native plugins for Editor in 0.00 ms.
Unloading 1734 Unused Serialized files (Serialized files now loaded: 0)
System memory in use before: 84.5 MB.
System memory in use after: 84.6 MB.

Unloading 19 unused Assets to reduce memory usage. Loaded Objects now: 2199.
Total: 3.909700 ms (FindLiveObjects: 0.266300 ms CreateObjectMapping: 0.090200 ms MarkObjects: 3.446900 ms  DeleteObjects: 0.104500 ms)

========================================================================
Received Import Request.
  path: Assets/3D Docking/Prefabs/Clutch/ConditionManager_Component 1.prefab
  artifactKey: Guid(7f061a1f7472c8047807da4f0683b3cc) Importer(815301076,1909f56bfc062723c751e8b465ee728b)
Start importing Assets/3D Docking/Prefabs/Clutch/ConditionManager_Component 1.prefab using Guid(7f061a1f7472c8047807da4f0683b3cc) Importer(815301076,1909f56bfc062723c751e8b465ee728b)  -> (artifact id: '8353119a1089d9e10f1464e76ec28b0a') in 0.056616 seconds 
========================================================================
Received Import Request.
  Time since last request: 96.806141 seconds.
  path: Assets/3D Docking/Scripts/Clutching/ClutchConditionManager.cs
  artifactKey: Guid(0ea3a72adedb2ee42b080b88a40e5c8c) Importer(815301076,1909f56bfc062723c751e8b465ee728b)
Start importing Assets/3D Docking/Scripts/Clutching/ClutchConditionManager.cs using Guid(0ea3a72adedb2ee42b080b88a40e5c8c) Importer(815301076,1909f56bfc062723c751e8b465ee728b)  -> (artifact id: '30bb6b487b72c4a3cd34d14ffd07a88c') in 0.088525 seconds 
